<?xml version="1.0" encoding="UTF-8"?>
<!-- Generated by org.testng.reporters.JUnitReportReporter -->
<testsuite hostname="DESKTOP-KBHQRAU" failures="0" tests="3" name="testcases.LoginTestSimplilearn" time="110.997" errors="0" timestamp="2022-09-26T14:47:50 IST" skipped="0">
  <testcase classname="testcases.LoginTestSimplilearn" name="Test1" time="42.019"/>
  <system-out/>
  <testcase classname="testcases.LoginTestSimplilearn" name="Test2" time="22.813"/>
  <system-out/>
  <testcase classname="testcases.LoginTestSimplilearn" name="Test3" time="46.165"/>
  <system-out/>
</testsuite> <!-- testcases.LoginTestSimplilearn -->
